This is CTeX, NeXT Version 3.141 (format=latex 96.5.21)  29 SEP 1998 18:00
**cddman
(cddman.tex
LaTeX2e <1995/12/01> patch level 2
(/LocalLibrary/TeX/tex/latex/article.cls
Document Class: article 1995/12/20 v1.3q Standard LaTeX document class
(/LocalLibrary/TeX/tex/latex/size11.clo
File: size11.clo 1995/12/20 v1.3q Standard LaTeX file (size option)
)
\c@part=\count79
\c@section=\count80
\c@subsection=\count81
\c@subsubsection=\count82
\c@paragraph=\count83
\c@subparagraph=\count84
\c@figure=\count85
\c@table=\count86
\abovecaptionskip=\skip41
\belowcaptionskip=\skip42
\bibindent=\dimen102
) (html.sty
Package: html 1996/02/01 v1.0 hypertext commands for latex2html (nd, hs)
\c@lpart=\count87
\c@lchapter=\count88
\c@lsection=\count89
\c@lsubsection=\count90
\c@lsubsubsection=\count91
\c@lparagraph=\count92
\c@lsubparagraph=\count93
\c@lsubsubparagraph=\count94
\c@lequation=\count95
) (cddman.aux)
LaTeX Font Info:    Checking defaults for OML/cmm/m/it on input line 18.
LaTeX Font Info:    ... okay on input line 18.
LaTeX Font Info:    Checking defaults for T1/cmr/m/n on input line 18.
LaTeX Font Info:    ... okay on input line 18.
LaTeX Font Info:    Checking defaults for OT1/cmr/m/n on input line 18.
LaTeX Font Info:    ... okay on input line 18.
LaTeX Font Info:    Checking defaults for OMS/cmsy/m/n on input line 18.
LaTeX Font Info:    ... okay on input line 18.
LaTeX Font Info:    Checking defaults for OMX/cmex/m/n on input line 18.
LaTeX Font Info:    ... okay on input line 18.
LaTeX Font Info:    Checking defaults for U/cmr/m/n on input line 18.
LaTeX Font Info:    ... okay on input line 18.
LaTeX Font Info:    External font `cmex10' loaded for size
(Font)              <12> on input line 29.
LaTeX Font Info:    External font `cmex10' loaded for size
(Font)              <8> on input line 29.
LaTeX Font Info:    External font `cmex10' loaded for size
(Font)              <6> on input line 29.
LaTeX Font Info:    External font `cmex10' loaded for size
(Font)              <10.95> on input line 62.
 [1

] [2]
[3] [4] [5]
LaTeX Font Info:    External font `cmex10' loaded for size
(Font)              <9> on input line 426.
LaTeX Font Info:    External font `cmex10' loaded for size
(Font)              <5> on input line 426.
 [6] [7] [8] [9] [10] [11] [12] [13] [14] [15] [16] (cddman.bbl
Underfull \hbox (badness 10000) in paragraph at lines 16--21
[][]\OT1/cmr/m/n/10.95 N. Amenta.  Di-rec-tory of com-pu-ta-tional ge-om-e-try.

 []

[17]
Underfull \hbox (badness 10000) in paragraph at lines 50--57
[][]\OT1/cmr/m/n/10.95 T. Christof and A. L^^?obel.  PORTA: Poly-he-dron rep-re
-sen-ta-tion
 []


Underfull \hbox (badness 10000) in paragraph at lines 50--57
\OT1/cmr/m/n/10.95 trans-for-ma-tion al-go-rithm (ver. 1.3.1), 1997.  http://ww
w.iwr.uni-
 []

) [18] (cddman.aux) ) 
Here is how much of TeX's memory you used:
 383 strings out of 15947
 3905 string characters out of 149517
 49682 words of memory out of 262141
 3274 multiletter control sequences out of 9500
 9930 words of font info for 35 fonts, out of 72000 for 255
 14 hyphenation exceptions out of 607
 24i,9n,21p,143b,333s stack positions out of 300i,40n,60p,3000b,4000s

Output written on cddman.dvi (18 pages, 67216 bytes).
